<?xml version="1.0" encoding="UTF-8"?>
<testsuite xmlns:xsi="http://www.w3.org/2001/XMLSchema-instance" xsi:noNamespaceSchemaLocation="https://maven.apache.org/surefire/maven-surefire-plugin/xsd/surefire-test-report.xsd" version="3.0.2" name="org.example.mapper.EmployeeMapperTest" time="0.166" tests="2" errors="0" skipped="0" failures="0">
  <properties>
[...]
</properties>
  <testcase name="mapToDto(Employee)[1]" classname="org.example.mapper.EmployeeMapperTest" time="0.138"/>
  <testcase name="mapToEntity(UserInfo)[1]" classname="org.example.mapper.EmployeeMapperTest" time="0.004"/>
</testsuite>